[    0.000000] Initializing cgroup subsys cpuset
[    0.000000] Initializing cgroup subsys cpu
[    0.000000] Initializing cgroup subsys cpuacct
[    0.000000] Linux version 4.4.0-174-generic (buildd@lcy01-amd64-027) (gcc version 5.4.0 20160609 (Ubuntu 5.4.0-6ubuntu1~16.04.12) ) #204-Ubuntu SMP Wed Jan 29 06:41:01 UTC 2020 (Ubuntu 4.4.0-174.204-generic 4.4.211)
[    0.000000] Command line: BOOT_IMAGE=/boot/vmlinuz-4.4.0-174-generic root=LABEL=cloudimg-rootfs ro console=tty1 console=ttyS0
[    0.000000] KERNEL supported cpus:
[    0.000000]   Intel GenuineIntel
[    0.000000]   AMD AuthenticAMD
[    0.000000]   Centaur CentaurHauls
[    0.000000] x86/fpu: xstate_offset[2]:  576, xstate_sizes[2]:  256
[    0.000000] x86/fpu: Supporting XSAVE feature 0x01: 'x87 floating point registers'
[    0.000000] x86/fpu: Supporting XSAVE feature 0x02: 'SSE registers'
[    0.000000] x86/fpu: Supporting XSAVE feature 0x04: 'AVX registers'
[    0.000000] x86/fpu: Enabled xstate features 0x7, context size is 832 bytes, using 'standard' format.
[    0.000000] e820: BIOS-provided physical RAM map:
[    0.000000] BIOS-e820: [mem 0x0000000000000000-0x000000000009fbff] usable
[    0.000000] BIOS-e820: [mem 0x000000000009fc00-0x000000000009ffff] reserved
[    0.000000] BIOS-e820: [mem 0x00000000000f0000-0x00000000000fffff] reserved
[    0.000000] BIOS-e820: [mem 0x0000000000100000-0x000000003ffeffff] usable
[    0.000000] BIOS-e820: [mem 0x000000003fff0000-0x000000003fffffff] ACPI data
[    0.000000] BIOS-e820: [mem 0x00000000fec00000-0x00000000fec00fff] reserved
[    0.000000] BIOS-e820: [mem 0x00000000fee00000-0x00000000fee00fff] reserved
[    0.000000] BIOS-e820: [mem 0x00000000fffc0000-0x00000000ffffffff] reserved
[    0.000000] NX (Execute Disable) protection: active
[    0.000000] SMBIOS 2.5 present.
[    0.000000] Hypervisor detected: KVM
[    0.000000] Kernel/User page tables isolation: disabled
[    0.000000] e820: last_pfn = 0x3fff0 max_arch_pfn = 0x400000000
[    0.000000] MTRR: Disabled
[    0.000000] x86/PAT: MTRRs disabled, skipping PAT initialization too.
[    0.000000] CPU MTRRs all blank - virtualized system.
[    0.000000] x86/PAT: Configuration [0-7]: WB  WT  UC- UC  WB  WT  UC- UC  
[    0.000000] found SMP MP-table at [mem 0x0009fff0-0x0009ffff] mapped at [ffff88000009fff0]
[    0.000000] Scanning 1 areas for low memory corruption
[    0.000000] RAMDISK: [mem 0x362e2000-0x37168fff]
[    0.000000] ACPI: Early table checksum verification disabled
[    0.000000] ACPI: RSDP 0x00000000000E0000 000024 (v02 VBOX  )
[    0.000000] ACPI: XSDT 0x000000003FFF0030 00003C (v01 VBOX   VBOXXSDT 00000001 ASL  00000061)
[    0.000000] ACPI: FACP 0x000000003FFF00F0 0000F4 (v04 VBOX   VBOXFACP 00000001 ASL  00000061)
[    0.000000] ACPI: DSDT 0x000000003FFF0470 0022EA (v02 VBOX   VBOXBIOS 00000002 INTL 20100528)
[    0.000000] ACPI: FACS 0x000000003FFF0200 000040
[    0.000000] ACPI: FACS 0x000000003FFF0200 000040
[    0.000000] ACPI: APIC 0x000000003FFF0240 00005C (v02 VBOX   VBOXAPIC 00000001 ASL  00000061)
[    0.000000] ACPI: SSDT 0x000000003FFF02A0 0001CC (v01 VBOX   VBOXCPUT 00000002 INTL 20100528)
[    0.000000] No NUMA configuration found
[    0.000000] Faking a node at [mem 0x0000000000000000-0x000000003ffeffff]
[    0.000000] NODE_DATA(0) allocated [mem 0x3ffeb000-0x3ffeffff]
[    0.000000] kvm-clock: Using msrs 4b564d01 and 4b564d00
[    0.000000] kvm-clock: cpu 0, msr 0:3ffe3001, primary cpu clock
[    0.000000] kvm-clock: using sched offset of 3513298468 cycles
[    0.000000] clocksource: kvm-clock: mask: 0xffffffffffffffff max_cycles: 0x1cd42e4dffb, max_idle_ns: 881590591483 ns
[    0.000000] Zone ranges:
[    0.000000]   DMA      [mem 0x0000000000001000-0x0000000000ffffff]
[    0.000000]   DMA32    [mem 0x0000000001000000-0x000000003ffeffff]
[    0.000000]   Normal   empty
[    0.000000]   Device   empty
[    0.000000] Movable zone start for each node
[    0.000000] Early memory node ranges
[    0.000000]   node   0: [mem 0x0000000000001000-0x000000000009efff]
[    0.000000]   node   0: [mem 0x0000000000100000-0x000000003ffeffff]
[    0.000000] Initmem setup node 0 [mem 0x0000000000001000-0x000000003ffeffff]
[    0.000000] ACPI: PM-Timer IO Port: 0x4008
[    0.000000] IOAPIC[0]: apic_id 2, version 32, address 0xfec00000, GSI 0-23
[    0.000000] ACPI: INT_SRC_OVR (bus 0 bus_irq 0 global_irq 2 dfl dfl)
[    0.000000] ACPI: INT_SRC_OVR (bus 0 bus_irq 9 global_irq 9 low level)
[    0.000000] Using ACPI (MADT) for SMP configuration information
[    0.000000] smpboot: Allowing 2 CPUs, 0 hotplug CPUs
[    0.000000] PM: Registered nosave memory: [mem 0x00000000-0x00000fff]
[    0.000000] PM: Registered nosave memory: [mem 0x0009f000-0x0009ffff]
[    0.000000] PM: Registered nosave memory: [mem 0x000a0000-0x000effff]
[    0.000000] PM: Registered nosave memory: [mem 0x000f0000-0x000fffff]
[    0.000000] e820: [mem 0x40000000-0xfebfffff] available for PCI devices
[    0.000000] Booting paravirtualized kernel on KVM
[    0.000000] clocksource: refined-jiffies: mask: 0xffffffff max_cycles: 0xffffffff, max_idle_ns: 7645519600211568 ns
[    0.000000] setup_percpu: NR_CPUS:512 nr_cpumask_bits:512 nr_cpu_ids:2 nr_node_ids:1
[    0.000000] PERCPU: Embedded 33 pages/cpu @ffff88003fc00000 s95448 r8192 d31528 u1048576
[    0.000000] Built 1 zonelists in Node order, mobility grouping on.  Total pages: 257912
[    0.000000] Policy zone: DMA32
[    0.000000] Kernel command line: BOOT_IMAGE=/boot/vmlinuz-4.4.0-174-generic root=LABEL=cloudimg-rootfs ro console=tty1 console=ttyS0
[    0.000000] PID hash table entries: 4096 (order: 3, 32768 bytes)
[    0.000000] Memory: 997676K/1048120K available (8626K kernel code, 1336K rwdata, 4032K rodata, 1488K init, 1292K bss, 50444K reserved, 0K cma-reserved)
[    0.000000] SLUB: HWalign=64, Order=0-3, MinObjects=0, CPUs=2, Nodes=1
[    0.000000] Hierarchical RCU implementation.
[    0.000000] 	Build-time adjustment of leaf fanout to 64.
[    0.000000] 	RCU restricting CPUs from NR_CPUS=512 to nr_cpu_ids=2.
[    0.000000] RCU: Adjusting geometry for rcu_fanout_leaf=64, nr_cpu_ids=2
[    0.000000] NR_IRQS:33024 nr_irqs:440 16
[    0.000000] Console: colour VGA+ 80x25
[    0.000000] console [tty1] enabled
[    0.000000] console [ttyS0] enabled
[    0.000000] tsc: Detected 1991.998 MHz processor
[    0.123837] Calibrating delay loop (skipped) preset value.. 3983.99 BogoMIPS (lpj=7967992)
[    0.125024] pid_max: default: 32768 minimum: 301
[    0.125888] ACPI: Core revision 20150930
[    0.127187] ACPI: 2 ACPI AML tables successfully acquired and loaded
[    0.128128] Security Framework initialized
[    0.128708] Yama: becoming mindful.
[    0.129382] AppArmor: AppArmor initialized
[    0.130056] Dentry cache hash table entries: 131072 (order: 8, 1048576 bytes)
[    0.131541] Inode-cache hash table entries: 65536 (order: 7, 524288 bytes)
[    0.140762] Mount-cache hash table entries: 2048 (order: 2, 16384 bytes)
[    0.141677] Mountpoint-cache hash table entries: 2048 (order: 2, 16384 bytes)
[    0.142666] Initializing cgroup subsys io
[    0.143291] Initializing cgroup subsys memory
[    0.143950] Initializing cgroup subsys devices
[    0.144602] Initializing cgroup subsys freezer
[    0.145208] Initializing cgroup subsys net_cls
[    0.145806] Initializing cgroup subsys perf_event
[    0.147113] Initializing cgroup subsys net_prio
[    0.147995] Initializing cgroup subsys hugetlb
[    0.148835] Initializing cgroup subsys pids
[    0.150875] mce: CPU supports 0 MCE banks
[    0.151560] Last level iTLB entries: 4KB 64, 2MB 8, 4MB 8
[    0.152340] Last level dTLB entries: 4KB 64, 2MB 0, 4MB 0, 1GB 4
[    0.153187] Spectre V1 : Mitigation: usercopy/swapgs barriers and __user pointer sanitization
[    0.154749] Spectre V2 : Mitigation: Enhanced IBRS
[    0.155913] Spectre V2 : Spectre v2 / SpectreRSB mitigation: Filling RSB on context switch
[    0.157222] Speculative Store Bypass: Vulnerable
[    0.160050] Freeing SMP alternatives memory: 36K
[    0.165783] ftrace: allocating 32305 entries in 127 pages
[    0.206810] smpboot: APIC(0) Converting physical 0 to logical package 0
[    0.208517] smpboot: Max logical packages: 1
[    0.209585] x2apic enabled
[    0.210190] Switched APIC routing to physical x2apic.
[    0.211730] ..TIMER: vector=0x30 apic1=0 pin1=2 apic2=-1 pin2=-1
[    0.320666] smpboot: CPU0: Intel(R) Core(TM) i7-8565U CPU @ 1.80GHz (family: 0x6, model: 0x8e, stepping: 0xc)
[    0.322909] Performance Events: unsupported p6 CPU model 142 no PMU driver, software events only.
[    0.329964] KVM setup paravirtual spinlock
[    0.331158] x86: Booting SMP configuration:
[    0.331804] .... node  #0, CPUs:      #1
[    0.332697] kvm-clock: cpu 1, msr 0:3ffe3041, secondary cpu clock
[    0.334680] mce: CPU supports 0 MCE banks
[    0.337294] x86: Booted up 1 node, 2 CPUs
[    0.338453] smpboot: Total of 2 processors activated (7967.99 BogoMIPS)
[    0.340265] devtmpfs: initialized
[    0.342493] evm: security.selinux
[    0.343212] evm: security.SMACK64
[    0.344550] evm: security.SMACK64EXEC
[    0.345078] evm: security.SMACK64TRANSMUTE
[    0.345653] evm: security.SMACK64MMAP
[    0.346225] evm: security.ima
[    0.346650] evm: security.capability
[    0.347430] clocksource: jiffies: mask: 0xffffffff max_cycles: 0xffffffff, max_idle_ns: 7645041785100000 ns
[    0.348999] futex hash table entries: 512 (order: 3, 32768 bytes)
[    0.350148] pinctrl core: initialized pinctrl subsystem
[    0.351218] RTC time:  8:14:12, date: 03/03/20
[    0.363189] NET: Registered protocol family 16
[    0.373002] cpuidle: using governor ladder
[    0.384910] cpuidle: using governor menu
[    0.385887] PCCT header not found.
[    0.386570] ACPI: bus type PCI registered
[    0.387475] acpiphp: ACPI Hot Plug PCI Controller Driver version: 0.5
[    0.389190] PCI: Using configuration type 1 for base access
[    0.402761] ACPI: Added _OSI(Module Device)
[    0.404467] ACPI: Added _OSI(Processor Device)
[    0.406514] ACPI: Added _OSI(3.0 _SCP Extensions)
[    0.408106] ACPI: Added _OSI(Processor Aggregator Device)
[    0.410653] ACPI: Executed 1 blocks of module-level executable AML code
[    0.414963] ACPI: Interpreter enabled
[    0.416108] ACPI: (supports S0 S5)
[    0.417108] ACPI: Using IOAPIC for interrupt routing
[    0.418374] PCI: Using host bridge windows from ACPI; if necessary, use "pci=nocrs" and report a bug
[    0.423649] ACPI: PCI Root Bridge [PCI0] (domain 0000 [bus 00-ff])
[    0.424803] acpi PNP0A03:00: _OSC: OS supports [ASPM ClockPM Segments MSI]
[    0.426470] acpi PNP0A03:00: _OSC: not requesting OS control; OS requires [ExtendedConfig ASPM ClockPM MSI]
[    0.428146] acpi PNP0A03:00: fail to add MMCONFIG information, can't access extended PCI configuration space under this bridge.
[    0.430468] PCI host bridge to bus 0000:00
[    0.431297] pci_bus 0000:00: root bus resource [io  0x0000-0x0cf7 window]
[    0.432366] pci_bus 0000:00: root bus resource [io  0x0d00-0xffff window]
[    0.433373] pci_bus 0000:00: root bus resource [mem 0x000a0000-0x000bffff window]
[    0.434533] pci_bus 0000:00: root bus resource [mem 0x40000000-0xfdffffff window]
[    0.435684] pci_bus 0000:00: root bus resource [bus 00-ff]
[    0.437759] pci 0000:00:01.1: legacy IDE quirk: reg 0x10: [io  0x01f0-0x01f7]
[    0.439017] pci 0000:00:01.1: legacy IDE quirk: reg 0x14: [io  0x03f6]
[    0.440085] pci 0000:00:01.1: legacy IDE quirk: reg 0x18: [io  0x0170-0x0177]
[    0.441030] pci 0000:00:01.1: legacy IDE quirk: reg 0x1c: [io  0x0376]
[    0.454149] pci 0000:00:07.0: quirk: [io  0x4000-0x403f] claimed by PIIX4 ACPI
[    0.463409] pci 0000:00:07.0: quirk: [io  0x4100-0x410f] claimed by PIIX4 SMB
[    0.475587] ACPI: PCI Interrupt Link [LNKA] (IRQs 5 9 10 *11)
[    0.477512] ACPI: PCI Interrupt Link [LNKB] (IRQs 5 9 *10 11)
[    0.479039] ACPI: PCI Interrupt Link [LNKC] (IRQs 5 *9 10 11)
[    0.480387] ACPI: PCI Interrupt Link [LNKD] (IRQs 5 9 10 *11)
[    0.481978] ACPI: Enabled 2 GPEs in block 00 to 07
[    0.483016] vgaarb: setting as boot device: PCI:0000:00:02.0
[    0.483807] vgaarb: device added: PCI:0000:00:02.0,decodes=io+mem,owns=io+mem,locks=none
[    0.485870] vgaarb: loaded
[    0.486491] vgaarb: bridge control possible 0000:00:02.0
[    0.488239] SCSI subsystem initialized
[    0.489636] ACPI: bus type USB registered
[    0.490600] usbcore: registered new interface driver usbfs
[    0.491565] usbcore: registered new interface driver hub
[    0.492541] usbcore: registered new device driver usb
[    0.493644] PCI: Using ACPI for IRQ routing
[    0.494853] NetLabel: Initializing
[    0.495701] NetLabel:  domain hash size = 128
[    0.496493] NetLabel:  protocols = UNLABELED CIPSOv4
[    0.497616] NetLabel:  unlabeled traffic allowed by default
[    0.498600] amd_nb: Cannot enumerate AMD northbridges
[    0.499481] clocksource: Switched to clocksource kvm-clock
[    0.520855] AppArmor: AppArmor Filesystem Enabled
[    0.522253] pnp: PnP ACPI init
[    0.523789] pnp: PnP ACPI: found 3 devices
[    0.532160] clocksource: acpi_pm: mask: 0xffffff max_cycles: 0xffffff, max_idle_ns: 2085701024 ns
[    0.533374] NET: Registered protocol family 2
[    0.534074] TCP established hash table entries: 8192 (order: 4, 65536 bytes)
[    0.535065] TCP bind hash table entries: 8192 (order: 5, 131072 bytes)
[    0.536084] TCP: Hash tables configured (established 8192 bind 8192)
[    0.536953] UDP hash table entries: 512 (order: 2, 16384 bytes)
[    0.537739] UDP-Lite hash table entries: 512 (order: 2, 16384 bytes)
[    0.539447] NET: Registered protocol family 1
[    0.540353] pci 0000:00:00.0: Limiting direct PCI/PCI transfers
[    0.541171] pci 0000:00:01.0: Activating ISA DMA hang workarounds
[    0.550106] Unpacking initramfs...
[    0.912612] Freeing initrd memory: 14876K
[    0.913517] clocksource: tsc: mask: 0xffffffffffffffff max_cycles: 0x396d4e5fc9d, max_idle_ns: 881590756024 ns
[    0.915607] platform rtc_cmos: registered platform RTC device (no PNP device found)
[    0.916841] Scanning for low memory corruption every 60 seconds
[    0.918431] audit: initializing netlink subsys (disabled)
[    0.919302] audit: type=2000 audit(1583223257.924:1): initialized
[    0.920522] Initialise system trusted keyring
[    0.921886] HugeTLB registered 2 MB page size, pre-allocated 0 pages
[    0.924479] zbud: loaded
[    0.925384] VFS: Disk quotas dquot_6.6.0
[    0.926083] VFS: Dquot-cache hash table entries: 512 (order 0, 4096 bytes)
[    0.927249] squashfs: version 4.0 (2009/01/31) Phillip Lougher
[    0.928672] fuse init (API version 7.23)
[    0.929849] Key type big_key registered
[    0.930695] Allocating IMA MOK and blacklist keyrings.
[    0.944514] Key type asymmetric registered
[    0.945616] Asymmetric key parser 'x509' registered
[    0.946359] Block layer SCSI generic (bsg) driver version 0.4 loaded (major 249)
[    0.948032] io scheduler noop registered
[    0.948784] io scheduler deadline registered (default)
[    0.949729] io scheduler cfq registered
[    0.950472] pci_hotplug: PCI Hot Plug PCI Core version: 0.5
[    0.951232] pciehp: PCI Express Hot Plug Controller Driver version: 0.4
[    0.952465] ACPI: AC Adapter [AC] (on-line)
[    0.953273] input: Power Button as /devices/LNXSYSTM:00/LNXPWRBN:00/input/input0
[    0.954524] ACPI: Power Button [PWRF]
[    0.956727] input: Sleep Button as /devices/LNXSYSTM:00/LNXSLPBN:00/input/input1
[    0.958068] ACPI: Sleep Button [SLPF]
[    0.959422] GHES: HEST is not enabled!
[    0.960049] ACPI: Battery Slot [BAT0] (battery present)
[    0.961184] Serial: 8250/16550 driver, 32 ports, IRQ sharing enabled
[    0.983189] 00:02: ttyS0 at I/O 0x3f8 (irq = 4, base_baud = 115200) is a 16550A
[    0.987697] Linux agpgart interface v0.103
[    0.992131] loop: module loaded
[    0.993537] scsi host0: ata_piix
[    0.994460] scsi host1: ata_piix
[    0.995081] ata1: PATA max UDMA/33 cmd 0x1f0 ctl 0x3f6 bmdma 0xd000 irq 14
[    0.995986] ata2: PATA max UDMA/33 cmd 0x170 ctl 0x376 bmdma 0xd008 irq 15
[    0.997123] libphy: Fixed MDIO Bus: probed
[    0.997785] tun: Universal TUN/TAP device driver, 1.6
[    0.998503] tun: (C) 1999-2004 Max Krasnyansky <maxk@qualcomm.com>
[    0.999519] PPP generic driver version 2.4.2
[    1.000583] ehci_hcd: USB 2.0 'Enhanced' Host Controller (EHCI) Driver
[    1.001433] ehci-pci: EHCI PCI platform driver
[    1.002099] ehci-platform: EHCI generic platform driver
[    1.002791] ohci_hcd: USB 1.1 'Open' Host Controller (OHCI) Driver
[    1.003582] ohci-pci: OHCI PCI platform driver
[    1.004374] ohci-platform: OHCI generic platform driver
[    1.005469] uhci_hcd: USB Universal Host Controller Interface driver
[    1.006417] i8042: PNP: PS/2 Controller [PNP0303:PS2K,PNP0f03:PS2M] at 0x60,0x64 irq 1,12
[    1.008293] serio: i8042 KBD port at 0x60,0x64 irq 1
[    1.009013] serio: i8042 AUX port at 0x60,0x64 irq 12
[    1.009826] mousedev: PS/2 mouse device common for all mice
[    1.010950] input: AT Translated Set 2 keyboard as /devices/platform/i8042/serio0/input/input2
[    1.012347] rtc_cmos rtc_cmos: rtc core: registered rtc_cmos as rtc0
[    1.013670] rtc_cmos rtc_cmos: alarms up to one day, 114 bytes nvram
[    1.014832] i2c /dev entries driver
[    1.015549] device-mapper: uevent: version 1.0.3
[    1.016688] device-mapper: ioctl: 4.34.0-ioctl (2015-10-28) initialised: dm-devel@redhat.com
[    1.019036] ledtrig-cpu: registered to indicate activity on CPUs
[    1.020253] NET: Registered protocol family 10
[    1.021245] NET: Registered protocol family 17
[    1.022064] Key type dns_resolver registered
[    1.023659] registered taskstats version 1
[    1.024246] Loading compiled-in X.509 certificates
[    1.025530] Loaded X.509 cert 'Build time autogenerated kernel key: 2501974cc66248a18f8fa54aaac948a5171f77fb'
[    1.026905] zswap: loaded using pool lzo/zbud
[    1.028914] Key type trusted registered
[    1.031533] Key type encrypted registered
[    1.032154] AppArmor: AppArmor sha1 policy hashing enabled
[    1.032897] ima: No TPM chip found, activating TPM-bypass!
[    1.033683] ima: Allocated hash algorithm: sha1
[    1.034335] evm: HMAC attrs: 0x1
[    1.035072]   Magic number: 12:220:219
[    1.036212] rtc_cmos rtc_cmos: setting system clock to 2020-03-03 08:14:13 UTC (1583223253)
[    1.038578] BIOS EDD facility v0.16 2004-Jun-25, 0 devices found
[    1.040516] EDD information not available.
[    1.153382] Freeing unused kernel memory: 1488K
[    1.154139] Write protecting the kernel read-only data: 14336k
[    1.155907] Freeing unused kernel memory: 1604K
[    1.156892] Freeing unused kernel memory: 64K
Loading, please wait...
starting version 229
[    1.169603] random: systemd-udevd: uninitialized urandom read (16 bytes read, 1 bits of entropy available)
[    1.170210] random: udevadm: uninitialized urandom read (16 bytes read, 1 bits of entropy available)
[    1.170225] random: udevadm: uninitialized urandom read (16 bytes read, 1 bits of entropy available)
[    1.175695] random: systemd-udevd: uninitialized urandom read (16 bytes read, 1 bits of entropy available)
[    1.176397] random: udevadm: uninitialized urandom read (16 bytes read, 1 bits of entropy available)
[    1.176437] random: udevadm: uninitialized urandom read (16 bytes read, 1 bits of entropy available)
[    1.176598] random: udevadm: uninitialized urandom read (16 bytes read, 1 bits of entropy available)
[    1.176648] random: udevadm: uninitialized urandom read (16 bytes read, 1 bits of entropy available)
[    1.176694] random: udevadm: uninitialized urandom read (16 bytes read, 1 bits of entropy available)
[    1.176733] random: udevadm: uninitialized urandom read (16 bytes read, 1 bits of entropy available)
[    1.208484] e1000: Intel(R) PRO/1000 Network Driver - version 7.3.21-k8-NAPI
[    1.209954] e1000: Copyright (c) 1999-2006 Intel Corporation.
[    1.214020] Fusion MPT base driver 3.04.20
[    1.215062] Copyright (c) 1999-2008 LSI Corporation
[    1.219226] Fusion MPT SPI Host driver 3.04.20
[    1.241546] AVX2 version of gcm_enc/dec engaged.
[    1.242520] AES CTR mode by8 optimization enabled
[    1.420759] input: ImExPS/2 Generic Explorer Mouse as /devices/platform/i8042/serio1/input/input4
[    1.569613] e1000 0000:00:03.0 eth0: (PCI:33MHz:32-bit) 02:28:e8:e3:81:d2
[    1.571360] e1000 0000:00:03.0 eth0: Intel(R) PRO/1000 Network Connection
[    1.573804] mptbase: ioc0: Initiating bringup
[    1.636043] ioc0: LSI53C1030 A0: Capabilities={Initiator}
[    1.798508] scsi host2: ioc0: LSI53C1030 A0, FwRev=00000000h, Ports=1, MaxQ=256, IRQ=20
[    1.912424] scsi 2:0:0:0: Direct-Access     VBOX     HARDDISK         1.0  PQ: 0 ANSI: 5
[    1.914314] scsi target2:0:0: Beginning Domain Validation
[    1.918288] scsi target2:0:0: Domain Validation skipping write tests
[    1.920719] scsi target2:0:0: Ending Domain Validation
[    1.924394] scsi target2:0:0: asynchronous
[    1.927169] scsi 2:0:1:0: Direct-Access     VBOX     HARDDISK         1.0  PQ: 0 ANSI: 5
[    1.929327] scsi target2:0:1: Beginning Domain Validation
[    1.932519] scsi target2:0:1: Domain Validation skipping write tests
[    1.933969] scsi target2:0:1: Ending Domain Validation
[    1.935710] scsi target2:0:1: asynchronous
[    1.960626] sd 2:0:0:0: Attached scsi generic sg0 type 0
[    1.962475] sd 2:0:0:0: [sda] 20971520 512-byte logical blocks: (10.7 GB/10.0 GiB)
[    1.977313] sd 2:0:1:0: [sdb] 20480 512-byte logical blocks: (10.5 MB/10.0 MiB)
[    1.978967] sd 2:0:1:0: Attached scsi generic sg1 type 0
[    1.980254] sd 2:0:1:0: [sdb] Write Protect is off
[    1.981418] sd 2:0:1:0: [sdb] Incomplete mode parameter data
[    1.982665] sd 2:0:1:0: [sdb] Assuming drive cache: write through
[    1.984047] sd 2:0:0:0: [sda] Write Protect is off
[    1.985582] sd 2:0:0:0: [sda] Incomplete mode parameter data
[    1.986964] sd 2:0:0:0: [sda] Assuming drive cache: write through
[    1.990958]  sda: sda1
[    1.993089] sd 2:0:1:0: [sdb] Attached SCSI disk
[    1.994918] sd 2:0:0:0: [sda] Attached SCSI disk
[    2.324254] e1000 0000:00:08.0 eth1: (PCI:33MHz:32-bit) 08:00:27:19:9b:5e
[    2.325271] e1000 0000:00:08.0 eth1: Intel(R) PRO/1000 Network Connection
[    2.327482] e1000 0000:00:03.0 enp0s3: renamed from eth0
[    2.340040] e1000 0000:00:08.0 enp0s8: renamed from eth1
Begin: Loading essential drivers ... [    3.668597] md: linear personality registered for level -1
[    3.672388] md: multipath personality registered for level -4
[    3.675702] md: raid0 personality registered for level 0
[    3.679161] md: raid1 personality registered for level 1
[    3.751947] raid6: sse2x1   gen()  9492 MB/s
[    3.820272] raid6: sse2x1   xor()  7516 MB/s
[    3.887547] raid6: sse2x2   gen() 13107 MB/s
[    3.955558] raid6: sse2x2   xor()  8471 MB/s
[    4.024205] raid6: sse2x4   gen() 15747 MB/s
[    4.091581] raid6: sse2x4   xor() 10223 MB/s
[    4.159645] raid6: avx2x1   gen() 18356 MB/s
[    4.228216] raid6: avx2x2   gen() 18760 MB/s
[    4.295548] raid6: avx2x4   gen() 19282 MB/s
[    4.296295] raid6: using algorithm avx2x4 gen() 19282 MB/s
[    4.297150] raid6: using avx2x2 recovery algorithm
[    4.298997] xor: automatically using best checksumming function:
[    4.339994]    avx       : 23449.000 MB/sec
[    4.341536] async_tx: api initialized (async)
[    4.348952] md: raid6 personality registered for level 6
[    4.350577] md: raid5 personality registered for level 5
[    4.352202] md: raid4 personality registered for level 4
[    4.358142] md: raid10 personality registered for level 10
done.
Begin: Running /scripts/init-premount ... done.
Begin: Mounting root file system ... Begin: Running /scripts/local-top ... done.
Begin: Running /scripts/local-premount ... [    4.384081] Btrfs loaded
Scanning for Btrfs filesystems
done.
Warning: fsck not present, so skipping root file system
[    4.411714] EXT4-fs (sda1): INFO: recovery required on readonly filesystem
[    4.412920] EXT4-fs (sda1): write access will be enabled during recovery
[    4.428488] EXT4-fs (sda1): recovery complete
[    4.429497] EXT4-fs (sda1): mounted filesystem with ordered data mode. Opts: (null)
done.
Begin: Running /scripts/local-bottom ... done.
Begin: Running /scripts/init-bottom ... done.
[    4.508421] systemd[1]: systemd 229 running in system mode. (+PAM +AUDIT +SELINUX +IMA +APPARMOR +SMACK +SYSVINIT +UTMP +LIBCRYPTSETUP +GCRYPT +GNUTLS +ACL +XZ -LZ4 +SECCOMP +BLKID +ELFUTILS +KMOD -IDN)
[    4.511152] systemd[1]: Detected virtualization oracle.
[    4.512367] systemd[1]: Detected architecture x86-64.

Welcome to [1mUbuntu 16.04.6 LTS[0m!

[    4.524582] systemd[1]: Set hostname to <aws>.
[    4.670099] systemd[1]: Listening on Syslog Socket.
[[0;32m  OK  [0m] Listening on Syslog Socket.
[    4.672506] systemd[1]: Set up automount Arbitrary Executable File Formats File System Automount Point.
[[0;32m  OK  [0m] Set up automount Arbitrary Executab...ats File System Automount Point.
[    4.675357] systemd[1]: Created slice System Slice.
[[0;32m  OK  [0m] Created slice System Slice.
[    4.683948] systemd[1]: Created slice system-serial\x2dgetty.slice.
[[0;32m  OK  [0m] Created slice system-serial\x2dgetty.slice.
[    4.686303] systemd[1]: Listening on Device-mapper event daemon FIFOs.
[[0;32m  OK  [0m] Listening on Device-mapper event daemon FIFOs.
[    4.689419] systemd[1]: Listening on udev Kernel Socket.
[[0;32m  OK  [0m] Listening on udev Kernel Socket.
[    4.701408] systemd[1]: Listening on udev Control Socket.
[[0;32m  OK  [0m] Listening on udev Control Socket.
[    4.783760] systemd[1]: Reached target Encrypted Volumes.
[[0;32m  OK  [0m] Reached target Encrypted Volumes.
[    4.786401] systemd[1]: Created slice User and Session Slice.
[[0;32m  OK  [0m] Created slice User and Session Slice.
[    4.789344] systemd[1]: Listening on LVM2 metadata daemon socket.
[[0;32m  OK  [0m] Listening on LVM2 metadata daemon socket.
[    4.791732] systemd[1]: Listening on /dev/initctl Compatibility Named Pipe.
[[0;32m  OK  [0m] Listening on /dev/initctl Compatibility Named Pipe.
[    4.800132] systemd[1]: Listening on Journal Socket (/dev/log).
[[0;32m  OK  [0m] Listening on Journal Socket (/dev/log).
[    4.801976] systemd[1]: Started Trigger resolvconf update for networkd DNS.
[[0;32m  OK  [0m] Started Trigger resolvconf update for networkd DNS.
[    4.819518] systemd[1]: Reached target System Time Synchronized.
[[0;32m  OK  [0m] Reached target System Time Synchronized.
[    4.899816] systemd[1]: Reached target Swap.
[[0;32m  OK  [0m] Reached target Swap.
[    4.909301] systemd[1]: Reached target User and Group Name Lookups.
[[0;32m  OK  [0m] Reached target User and Group Name Lookups.
[    4.912305] systemd[1]: Listening on LVM2 poll daemon socket.
[[0;32m  OK  [0m] Listening on LVM2 poll daemon socket.
[    4.914282] systemd[1]: Reached target Slices.
[[0;32m  OK  [0m] Reached target Slices.
[    4.927653] systemd[1]: Listening on Journal Socket.
[[0;32m  OK  [0m] Listening on Journal Socket.
[    5.444137] systemd[1]: Starting Set console keymap...
         Starting Set console keymap...
[    5.452722] systemd[1]: Mounting Debug File System...
         Mounting Debug File System...
[    5.461540] systemd[1]: Starting Remount Root and Kernel File Systems...
         Starting Remount Root and Kernel File Systems...
[    5.468333] EXT4-fs (sda1): re-mounted. Opts: (null)
[    5.468912] systemd[1]: Starting Create list of required static device nodes for the current kernel...
         Starting Create list of required st... nodes for the current kernel...
[    5.474207] systemd[1]: Starting Load Kernel Modules...
         Starting Load Kernel Modules...
[    5.476622] systemd[1]: Mounting Huge Pages File System...
         Mounting Huge Pages File System...
[    5.480626] systemd[1]: Starting Monitoring of LVM2 mirrors, snapshots etc. using dmeventd or progress polling...
[    5.482864] Loading iSCSI transport class v2.0-870.
         Starting Monitoring of LVM2 mirrors... dmeventd or progress polling...
[    5.490601] iscsi: registered transport (tcp)
[    5.492697] systemd[1]: Mounting POSIX Message Queue File System...
         Mounting POSIX Message Queue File System...
[    5.495124] systemd[1]: Starting Uncomplicated firewall...
         Starting Uncomplicated firewall...
[    5.497402] systemd[1]: Started Forward Password Requests to Wall Directory Watch.
[[0;32m  OK  [0m] Started Forward Password Requests to Wall Directory Watch.
[    5.501101] systemd[1]: Listening on Journal Audit Socket.
[[0;32m  OK  [0m] Listening on Journal Audit Socket.
[    5.504788] systemd[1]: Starting Journal Service...
         Starting Journal Service...
[    5.508059] systemd[1]: Starting Nameserver information manager...
         Starting Nameserver information manager...
[    5.514906] systemd[1]: Mounted POSIX Message Queue File System.
[[0;32m  OK  [0m] Mounted POSIX Message Queue File System.
[    5.537233] systemd[1]: Mounted Huge Pages File System.
[[0;32m  OK  [0m] Mounted Huge Pages File System.
[    5.539609] systemd[1]: Mounted Debug File System.
[[0;32m  OK  [0m] Mounted Debug File System.
[    5.542201] systemd[1]: Started Set console keymap.
[[0;32m  OK  [0m] Started Set console keymap.
[    5.552433] iscsi: registered transport (iser)
[    5.553652] systemd[1]: Started Remount Root and Kernel File Systems.
[[0;32m  OK  [0m] Started Remount Root and Kernel File Systems.
[    5.568406] systemd[1]: Started Create list of required static device nodes for the current kernel.
[[0;32m  OK  [0m] Started Create list of required sta...ce nodes for the current kernel.
[    5.571897] systemd[1]: Started Load Kernel Modules.
[[0;32m  OK  [0m] Started Load Kernel Modules.
[    5.574378] systemd[1]: Started Uncomplicated firewall.
[[0;32m  OK  [0m] Started Uncomplicated firewall.
[    5.593487] systemd[1]: Started Journal Service.
[[0;32m  OK  [0m] Started Journal Service.
[[0;32m  OK  [0m] Started Nameserver information manager.
[[0;32m  OK  [0m] Started LVM2 metadata daemon.
         Mounting FUSE Control File System...
         Starting Apply Kernel Variables...
         Starting Create Static Device Nodes in /dev...
         Starting udev Coldplug all Devices...
         Starting Load/Save Random Seed...
         Starting Flush Journal to Persistent Storage...
[[0;32m  OK  [0m] Mounted FUSE Control File System.
[[0;32m  OK  [0m] Started Load/Save Random Seed.
[    5.647031] systemd-journald[398]: Received request to flush runtime journal from PID 1
[[0;32m  OK  [0m] Started Apply Kernel Variables.
[[0;32m  OK  [0m] Started Flush Journal to Persistent Storage.
[[0;32m  OK  [0m] Started Create Static Device Nodes in /dev.
[[0;32m  OK  [0m] Started udev Coldplug all Devices.
         Starting udev Kernel Device Manager...
[[0;32m  OK  [0m] Started udev Kernel Device Manager.
[[0;32m  OK  [0m] Started Dispatch Password Requests to Console Directory Watch.
[[0;32m  OK  [0m] Found device /dev/ttyS0.
[[0;32m  OK  [0m] Listening on Load/Save RF Kill Switch Status /dev/rfkill Watch.
[[0;32m  OK  [0m] Started Monitoring of LVM2 mirrors,...ng dmeventd or progress polling.
[[0;32m  OK  [0m] Reached target Local File Systems (Pre).
[[0;32m  OK  [0m] Reached target Local File Systems.
         Starting Initial cloud-init job (pre-networking)...
         Starting Tell Plymouth To Write Out Runtime Data...
         Starting Create Volatile Files and Directories...
         Starting Set console font and keymap...
         Starting LSB: AppArmor initialization...
[[0;32m  OK  [0m] Started Tell Plymouth To Write Out Runtime Data.
[[0;32m  OK  [0m] Started Create Volatile Files and Directories.
         Starting Update UTMP about System Boot/Shutdown...
[[0;32m  OK  [0m] Found device 82540EM Gigabit Ethern...r (PRO/1000 MT Desktop Adapter).
[[0;32m  OK  [0m] Found device 82540EM Gigabit Ethern...r (PRO/1000 MT Desktop Adapter).
[[0;32m  OK  [0m] Started Update UTMP about System Boot/Shutdown.
[[0;32m  OK  [0m] Started LSB: AppArmor initialization.
[[0;32m  OK  [0m] Started Set console font and keymap.
[[0;32m  OK  [0m] Created slice system-getty.slice.
[    7.163266] cloud-init[627]: Cloud-init v. 19.4-33-gbb4131a2-0ubuntu1~16.04.1 running 'init-local' at Tue, 03 Mar 2020 08:14:19 +0000. Up 6.91 seconds.
[[0;32m  OK  [0m] Started Initial cloud-init job (pre-networking).
[[0;32m  OK  [0m] Reached target Network (Pre).
[[0;32m  OK  [0m] Started ifup for enp0s8.
[[0;32m  OK  [0m] Started ifup for enp0s3.
         Starting Raise network interfaces...
[[0;32m  OK  [0m] Started Raise network interfaces.
[[0;32m  OK  [0m] Reached target Network.
         Starting Initial cloud-init job (metadata service crawler)...
[    8.088686] cloud-init[1081]: Cloud-init v. 19.4-33-gbb4131a2-0ubuntu1~16.04.1 running 'init' at Tue, 03 Mar 2020 08:14:20 +0000. Up 7.76 seconds.
[    8.100374] cloud-init[1081]: ci-info: ++++++++++++++++++++++++++++++++++++++Net device info+++++++++++++++++++++++++++++++++++++++
[    8.113447] cloud-init[1081]: ci-info: +--------+------+-----------------------------+---------------+--------+-------------------+
[    8.120532] cloud-init[1081]: ci-info: | Device |  Up  |           Address           |      Mask     | Scope  |     Hw-Address    |
[    8.122128] cloud-init[1081]: ci-info: +--------+------+-----------------------------+---------------+--------+-------------------+
[    8.123624] cloud-init[1081]: ci-info: | enp0s3 | True |          10.0.2.15          | 255.255.255.0 | global | 02:28:e8:e3:81:d2 |
[    8.132970] cloud-init[1081]: ci-info: | enp0s3 | True |  fe80::28:e8ff:fee3:81d2/64 |       .       |  link  | 02:28:e8:e3:81:d2 |
[[0;32m  OK  [0m] Started Initial cloud-init job (metadata service crawler).
[    8.146793] cloud-init[1081]: ci-info: | enp0s8 | True |        192.168.33.12        | 255.255.255.0 | global | 08:00:27:19:9b:5e |
[    8.154104] cloud-init[1081]: ci-info: | enp0s8 | True | fe80::a00:27ff:fe19:9b5e/64 |       .       |  link  | 08:00:27:19:9b:5e |
[    8.154427] cloud-init[1081]: ci-info: |   lo   | True |          127.0.0.1          |   255.0.0.0   |  host  |         .         |
[    8.154486] cloud-init[1081]: ci-info: |   lo   | True |           ::1/128           |       .       |  host  |         .         |
[    8.154516] cloud-init[1081]: ci-info: +--------+------+-----------------------------+---------------+--------+-------------------+
[    8.154584] cloud-init[1081]: ci-info: ++++++++++++++++++++++++++++Route IPv4 info++++++++++++++++++++++++++++
[    8.154639] cloud-init[1081]: ci-info: +-------+--------------+----------+---------------+-----------+-------+
[    8.154665] cloud-init[1081]: ci-info: | Route | Destination  | Gateway  |    Genmask    | Interface | Flags |
[    8.154738] cloud-init[1081]: ci-info: +-------+--------------+----------+---------------+-----------+-------+
[    8.154777] cloud-init[1081]: ci-info: |   0   |   0.0.0.0    | 10.0.2.2 |    0.0.0.0    |   enp0s3  |   UG  |
[    8.154815] cloud-init[1081]: ci-info: |   1   |   10.0.2.0   | 0.0.0.0  | 255.255.255.0 |   enp0s3  |   U   |
[    8.154835] cloud-init[1081]: ci-info: |   2   | 192.168.33.0 | 0.0.0.0  | 255.255.255.0 |   enp0s8  |   U   |
[    8.154936] cloud-init[1081]: ci-info: +-------+--------------+----------+---------------+-----------+-------+
[    8.154988] cloud-init[1081]: ci-info: +++++++++++++++++++Route IPv6 info+++++++++++++++++++
[    8.155030] cloud-init[1081]: ci-info: +-------+-------------+---------+-----------+-------+
[    8.155083] cloud-init[1081]: ci-info: | Route | Destination | Gateway | Interface | Flags |
[    8.155957] cloud-init[1081]: ci-info: +-------+-------------+---------+-----------+-------+
[    8.156003] cloud-init[1081]: ci-info: |   0   |  fe80::/64  |    ::   |   enp0s8  |   U   |
[    8.158364] cloud-init[1081]: ci-info: |   1   |  fe80::/64  |    ::   |   enp0s3  |   U   |
[    8.158418] cloud-init[1081]: ci-info: |   4   |   ff00::/8  |    ::   |   enp0s8  |   U   |
[    8.158452] cloud-init[1081]: ci-info: |   5   |   ff00::/8  |    ::   |   enp0s3  |   U   |
[    8.158574] cloud-init[1081]: ci-info: +-------+-------------+---------+-----------+-------+
[[0;32m  OK  [0m] Reached target Cloud-config availability.
[[0;32m  OK  [0m] Reached target Network is Online.
         Starting iSCSI initiator daemon (iscsid)...
[[0;32m  OK  [0m] Reached target System Initialization.
[[0;32m  OK  [0m] Started Daily Cleanup of Temporary Directories.
         Starting LXD - unix socket.
         Starting Socket activation for snappy daemon.
[[0;32m  OK  [0m] Listening on UUID daemon activation socket.
[[0;32m  OK  [0m] Started Daily apt download activities.
[[0;32m  OK  [0m] Started Daily apt upgrade and clean activities.
[[0;32m  OK  [0m] Listening on ACPID Listen Socket.
[[0;32m  OK  [0m] Listening on D-Bus System Message Bus Socket.
[[0;32m  OK  [0m] Started Message of the Day.
[[0;32m  OK  [0m] Reached target Timers.
[[0;32m  OK  [0m] Started ACPI Events Check.
[[0;32m  OK  [0m] Reached target Paths.
[[0;32m  OK  [0m] Listening on LXD - unix socket.
[[0;32m  OK  [0m] Listening on Socket activation for snappy daemon.
[[0;32m  OK  [0m] Reached target Sockets.
[[0;32m  OK  [0m] Reached target Basic System.
         Starting LXD - container startup/shutdown...
         Starting /etc/rc.local Compatibility...
         Starting Login Service...
[[0;32m  OK  [0m] Started Regular background program processing daemon.
         Starting System Logging Service...
         Starting LSB: MD monitoring daemon...
         Starting Accounts Service...
         Starting LSB: Record successful boot for GRUB...
[[0;32m  OK  [0m] Started FUSE filesystem for LXC.
[[0;32m  OK  [0m] Started ACPI event daemon.
[[0;32m  OK  [0m] Started Deferred execution scheduler.
[[0;32m  OK  [0m] Started D-Bus System Message Bus.
         Starting Virtualbox guest utils...
         Starting OpenBSD Secure Shell server...
         Starting Snappy daemon...
[[0;32m  OK  [0m] Started System Logging Service.
[[0;32m  OK  [0m] Started iSCSI initiator daemon (iscsid).
[[0;32m  OK  [0m] Started /etc/rc.local Compatibility.
         Starting Login to default iSCSI targets...
[[0;32m  OK  [0m] Started LSB: Record successful boot for GRUB.
[[0;32m  OK  [0m] Started Login Service.
         Starting Authenticate and Authorize Users to Run Privileged Tasks...
[[0;32m  OK  [0m] Started Unattended Upgrades Shutdown.
[[0;32m  OK  [0m] Started LSB: MD monitoring daemon.
[[0;32m  OK  [0m] Started Authenticate and Authorize Users to Run Privileged Tasks.
[[0;32m  OK  [0m] Started Login to default iSCSI targets.
[[0;32m  OK  [0m] Started Accounts Service.
[[0;32m  OK  [0m] Started OpenBSD Secure Shell server.
[[0;32m  OK  [0m] Started LXD - container startup/shutdown.
[[0;32m  OK  [0m] Reached target Remote File Systems (Pre).
[[0;32m  OK  [0m] Reached target Remote File Systems.
         Starting LSB: Set the CPU Frequency Scaling governor to "ondemand"...
         Starting LSB: daemon to balance interrupts for SMP systems...
         Starting LSB: automatic crash report generation...
         Starting Permit User Sessions...
[[0;32m  OK  [0m] Started Permit User Sessions.
         Starting Hold until boot process finishes up...
         Starting Terminate Plymouth Boot Screen...
[[0;32m  OK  [0m] Started LSB: Set the CPU Frequency Scaling governor to "ondemand".
[[0;32m  OK  [0m] Started Hold until boot process finishes up.
[[0;32m  OK  [0m] Started Virtualbox guest utils.
[[0;32m  OK  [0m] Started LSB: daemon to balance interrupts for SMP systems.
[[0;32m  OK  [0m] Started Terminate Plymouth Boot Screen.
         Starting Set console scheme...
[[0;32m  OK  [0m] Started Serial Getty on ttyS0.
[[0;32m  OK  [0m] Started Getty on tty1.
[[0;32m  OK  [0m] Reached target Login Prompts.
[[0;32m  OK  [0m] Started Set console scheme.
[[0;32m  OK  [0m] Started LSB: automatic crash report generation.
[[0;32m  OK  [0m] Started Snappy daemon.
         Starting Wait until snapd is fully seeded...
[[0;32m  OK  [0m] Started Wait until snapd is fully seeded.
         Starting Apply the settings specified in cloud-config...
[[0;32m  OK  [0m] Reached target Multi-User System.
[[0;32m  OK  [0m] Reached target Graphical Interface.
         Starting Update UTMP about System Runlevel Changes...
[[0;32m  OK  [0m] Started Update UTMP about System Runlevel Changes.
[    8.988196] cloud-init[1337]: Cloud-init v. 19.4-33-gbb4131a2-0ubuntu1~16.04.1 running 'modules:config' at Tue, 03 Mar 2020 08:14:21 +0000. Up 8.87 seconds.
[[0;32m  OK  [0m] Started Apply the settings specified in cloud-config.
         Starting Execute cloud user/final scripts...
[    9.316254] cloud-init[1348]: Cloud-init v. 19.4-33-gbb4131a2-0ubuntu1~16.04.1 running 'modules:final' at Tue, 03 Mar 2020 08:14:21 +0000. Up 9.24 seconds.
[    9.324905] cloud-
Ubuntu 16.04.6 LTS db ttyS0

db login: 0ubuntu1~16.04.1 finished at Tue, 03 Mar 2020 08:14:21 +0000. Datasource DataSourceNoCloud [seed=/dev/sdb][dsmode=net].  Up 9.30 seconds
[[0;32m  OK  [0m] Started Execute cloud user/final scripts.
         Starting Daily apt download activities...
[[0;32m  OK  [0m] Reached target Cloud-init target.

Ubuntu 16.04.6 LTS aws ttyS0

aws login: 